<?xml version="1.0" encoding="UTF-8"?>
<!-- Generated by org.testng.reporters.JUnitReportReporter -->
<testsuite skipped="0" hostname="Sankhadeep" name="com.src.SeleniumScript" tests="1" failures="0" timestamp="10 Apr 2020 06:58:49 GMT" time="255.025" errors="0">
  <testcase name="getValues" time="255.025" classname="com.src.SeleniumScript"/>
</testsuite> <!-- com.src.SeleniumScript -->
