<?xml version="1.0" encoding="UTF-8"?>
<!-- Generated by org.testng.reporters.JUnitReportReporter -->
<testsuite skipped="0" hostname="Sankhadeep" name="com.src.RunSeleniumScripts" tests="1" failures="0" timestamp="09 Apr 2020 20:52:42 GMT" time="0.046" errors="0">
  <testcase name="run" time="0.046" classname="com.src.RunSeleniumScripts"/>
</testsuite> <!-- com.src.RunSeleniumScripts -->
